<?xml version="1.0" encoding="UTF-8"?>
<testsuite name="com.gradle.tutorial.FizzBuzzTest" tests="4" skipped="0" failures="0" errors="0" timestamp="2022-04-08T14:31:54" hostname="LAPTOP-JNBQOEM7" time="0.048">
  <properties/>
  <testcase name="FizzBuzzThreeNumbers()" classname="com.gradle.tutorial.FizzBuzzTest" time="0.042"/>
  <testcase name="FizzBuzzFiveNumbers()" classname="com.gradle.tutorial.FizzBuzzTest" time="0.001"/>
  <testcase name="FizzBuzzNormalNumbers()" classname="com.gradle.tutorial.FizzBuzzTest" time="0.001"/>
  <testcase name="FizzBuzzThreeAndFiveNumbers()" classname="com.gradle.tutorial.FizzBuzzTest" time="0.001"/>
  <system-out><![CDATA[]]></system-out>
  <system-err><![CDATA[]]></system-err>
</testsuite>
